2020-04-18 16:05:05,666  INFO Version:21 - HV000001: Hibernate Validator 6.0.18.Final
2020-04-18 16:05:05,973  INFO App:55 - Starting App on G9GT2MASAUZ8PW3 with PID 9248 (D:\IDEWORK\DistributionSystem\target\classes started by Darling in D:\IDEWORK\DistributionSystem)
2020-04-18 16:05:05,975  INFO App:651 - No active profile set, falling back to default profiles: default
2020-04-18 16:05:06,144  INFO DevToolsPropertyDefaultsPostProcessor:225 - Devtools property defaults active! Set 'spring.devtools.add-properties' to 'false' to disable
2020-04-18 16:05:06,145  INFO DevToolsPropertyDefaultsPostProcessor:225 - For additional web related logging consider setting the 'logging.level.web' property to 'DEBUG'
2020-04-18 16:05:06,945  WARN ClassPathMapperScanner:166 - No MyBatis mapper was found in '[com.code]' package. Please check your configuration.
2020-04-18 16:05:06,999  INFO RepositoryConfigurationDelegate:249 - Multiple Spring Data modules found, entering strict repository configuration mode!
2020-04-18 16:05:07,003  INFO RepositoryConfigurationDelegate:127 - Bootstrapping Spring Data Redis repositories in DEFAULT mode.
2020-04-18 16:05:07,025  INFO RepositoryConfigurationDelegate:187 - Finished Spring Data repository scanning in 6ms. Found 0 Redis repository interfaces.
2020-04-18 16:05:07,368  INFO PostProcessorRegistrationDelegate$BeanPostProcessorChecker:330 - Bean 'org.springframework.transaction.annotation.ProxyTransactionManagementConfiguration' of type [org.springframework.transaction.annotation.ProxyTransactionManagementConfiguration] is not eligible for getting processed by all BeanPostProcessors (for example: not eligible for auto-proxying)
2020-04-18 16:05:07,703  INFO TomcatWebServer:92 - Tomcat initialized with port(s): 8080 (http)
2020-04-18 16:05:07,816  INFO ContextLoader:284 - Root WebApplicationContext: initialization completed in 1671 ms
2020-04-18 16:05:08,077  INFO ThreadPoolTaskExecutor:171 - Initializing ExecutorService 'applicationTaskExecutor'
2020-04-18 16:05:08,222  WARN ThymeleafAutoConfiguration$DefaultTemplateResolverConfiguration:106 - Cannot find template location: classpath:/templates/ (please add some templates or check your Thymeleaf configuration)
2020-04-18 16:05:08,784  INFO StdSchedulerFactory:1220 - Using default implementation for ThreadExecutor
2020-04-18 16:05:08,796  INFO SchedulerSignalerImpl:61 - Initialized Scheduler Signaller of type: class org.quartz.core.SchedulerSignalerImpl
2020-04-18 16:05:08,797  INFO QuartzScheduler:229 - Quartz Scheduler v.2.3.2 created.
2020-04-18 16:05:08,798  INFO RAMJobStore:155 - RAMJobStore initialized.
2020-04-18 16:05:08,799  INFO QuartzScheduler:294 - Scheduler meta-data: Quartz Scheduler (v2.3.2) 'quartzScheduler' with instanceId 'NON_CLUSTERED'
  Scheduler class: 'org.quartz.core.QuartzScheduler' - running locally.
  NOT STARTED.
  Currently in standby mode.
  Number of jobs executed: 0
  Using thread pool 'org.quartz.simpl.SimpleThreadPool' - with 10 threads.
  Using job-store 'org.quartz.simpl.RAMJobStore' - which does not support persistence. and is not clustered.

2020-04-18 16:05:08,799  INFO StdSchedulerFactory:1374 - Quartz scheduler 'quartzScheduler' initialized from an externally provided properties instance.
2020-04-18 16:05:08,799  INFO StdSchedulerFactory:1378 - Quartz scheduler version: 2.3.2
2020-04-18 16:05:08,800  INFO QuartzScheduler:2293 - JobFactory set to: org.springframework.scheduling.quartz.SpringBeanJobFactory@64cc3d58
2020-04-18 16:05:08,839  INFO OptionalLiveReloadServer:58 - LiveReload server is running on port 35729
2020-04-18 16:05:08,858  INFO SchedulerFactoryBean:727 - Starting Quartz Scheduler now
2020-04-18 16:05:08,858  INFO QuartzScheduler:547 - Scheduler quartzScheduler_$_NON_CLUSTERED started.
2020-04-18 16:05:08,893  INFO TomcatWebServer:204 - Tomcat started on port(s): 8080 (http) with context path ''
2020-04-18 16:05:08,896  INFO App:61 - Started App in 3.361 seconds (JVM running for 4.461)
